C:\USERS\ADMINISTRATOR\DESKTOP\CPPGETSFAILEDTOSUBTRACTINPUTSTRINGCAUSINGCRASH\CPPGETSFAILEDTOSUBTRACTINPUTSTRINGCAUSINGCRASH\DEBUG\CPPGETSFAILEDTOSUBTRACTINPUTSTRINGCAUSINGCRASH.EXE.EMBED.MANIFEST
C:\USERS\ADMINISTRATOR\DESKTOP\CPPGETSFAILEDTOSUBTRACTINPUTSTRINGCAUSINGCRASH\CPPGETSFAILEDTOSUBTRACTINPUTSTRINGCAUSINGCRASH\DEBUG\CPPGETSFAILEDTOSUBTRACTINPUTSTRINGCAUSINGCRASH.EXE.EMBED.MANIFEST.RES
C:\USERS\ADMINISTRATOR\DESKTOP\CPPGETSFAILEDTOSUBTRACTINPUTSTRINGCAUSINGCRASH\CPPGETSFAILEDTOSUBTRACTINPUTSTRINGCAUSINGCRASH\DEBUG\CPPGETSFAILEDTOSUBTRACTINPUTSTRINGCAUSINGCRASH.EXE.INTERMEDIATE.MANIFEST
C:\USERS\ADMINISTRATOR\DESKTOP\CPPGETSFAILEDTOSUBTRACTINPUTSTRINGCAUSINGCRASH\CPPGETSFAILEDTOSUBTRACTINPUTSTRINGCAUSINGCRASH\DEBUG\CPPGETSFAILEDTOSUBTRACTINPUTSTRINGCAUSINGCRASH.OBJ
C:\USERS\ADMINISTRATOR\DESKTOP\CPPGETSFAILEDTOSUBTRACTINPUTSTRINGCAUSINGCRASH\CPPGETSFAILEDTOSUBTRACTINPUTSTRINGCAUSINGCRASH\DEBUG\CPPGETSFAILEDTOSUBTRACTINPUTSTRINGCAUSINGCRASH.PCH
C:\USERS\ADMINISTRATOR\DESKTOP\CPPGETSFAILEDTOSUBTRACTINPUTSTRINGCAUSINGCRASH\CPPGETSFAILEDTOSUBTRACTINPUTSTRINGCAUSINGCRASH\DEBUG\STDAFX.OBJ
C:\USERS\ADMINISTRATOR\DESKTOP\CPPGETSFAILEDTOSUBTRACTINPUTSTRINGCAUSINGCRASH\CPPGETSFAILEDTOSUBTRACTINPUTSTRINGCAUSINGCRASH\DEBUG\VC100.PDB
C:\USERS\ADMINISTRATOR\DESKTOP\CPPGETSFAILEDTOSUBTRACTINPUTSTRINGCAUSINGCRASH\DEBUG\CPPGETSFAILEDTOSUBTRACTINPUTSTRINGCAUSINGCRASH.EXE
C:\USERS\ADMINISTRATOR\DESKTOP\CPPGETSFAILEDTOSUBTRACTINPUTSTRINGCAUSINGCRASH\DEBUG\CPPGETSFAILEDTOSUBTRACTINPUTSTRINGCAUSINGCRASH.ILK
C:\USERS\ADMINISTRATOR\DESKTOP\CPPGETSFAILEDTOSUBTRACTINPUTSTRINGCAUSINGCRASH\DEBUG\CPPGETSFAILEDTOSUBTRACTINPUTSTRINGCAUSINGCRASH.PDB
F:\fromCentos\Nextseq500Dev\software\CPPGetsFailedToSubtractInputStringCausingCrash\trunk\CPPGetsFailedToSubtractInputStringCausingCrash\Debug\cl.command.1.tlog
F:\fromCentos\Nextseq500Dev\software\CPPGetsFailedToSubtractInputStringCausingCrash\trunk\CPPGetsFailedToSubtractInputStringCausingCrash\Debug\CL.read.1.tlog
F:\fromCentos\Nextseq500Dev\software\CPPGetsFailedToSubtractInputStringCausingCrash\trunk\CPPGetsFailedToSubtractInputStringCausingCrash\Debug\CL.write.1.tlog
F:\fromCentos\Nextseq500Dev\software\CPPGetsFailedToSubtractInputStringCausingCrash\trunk\CPPGetsFailedToSubtractInputStringCausingCrash\Debug\CPPGetsFailedToSubtractInputStringCausingCrash.exe.embed.manifest
F:\fromCentos\Nextseq500Dev\software\CPPGetsFailedToSubtractInputStringCausingCrash\trunk\CPPGetsFailedToSubtractInputStringCausingCrash\Debug\CPPGetsFailedToSubtractInputStringCausingCrash.exe.embed.manifest.res
F:\fromCentos\Nextseq500Dev\software\CPPGetsFailedToSubtractInputStringCausingCrash\trunk\CPPGetsFailedToSubtractInputStringCausingCrash\Debug\CPPGetsFailedToSubtractInputStringCausingCrash.exe.intermediate.manifest
F:\fromCentos\Nextseq500Dev\software\CPPGetsFailedToSubtractInputStringCausingCrash\trunk\CPPGetsFailedToSubtractInputStringCausingCrash\Debug\CPPGetsFailedToSubtractInputStringCausingCrash.obj
F:\fromCentos\Nextseq500Dev\software\CPPGetsFailedToSubtractInputStringCausingCrash\trunk\CPPGetsFailedToSubtractInputStringCausingCrash\Debug\CPPGetsFailedToSubtractInputStringCausingCrash.pch
F:\fromCentos\Nextseq500Dev\software\CPPGetsFailedToSubtractInputStringCausingCrash\trunk\CPPGetsFailedToSubtractInputStringCausingCrash\Debug\CPPGetsFailedToSubtractInputStringCausingCrash.vcxprojResolveAssemblyReference.cache
F:\fromCentos\Nextseq500Dev\software\CPPGetsFailedToSubtractInputStringCausingCrash\trunk\CPPGetsFailedToSubtractInputStringCausingCrash\Debug\CPPGetsFailedToSubtractInputStringCausingCrash.write.1.tlog
F:\fromCentos\Nextseq500Dev\software\CPPGetsFailedToSubtractInputStringCausingCrash\trunk\CPPGetsFailedToSubtractInputStringCausingCrash\Debug\CPPGetsFailedToSubtractInputStringCausingCrash_manifest.rc
F:\fromCentos\Nextseq500Dev\software\CPPGetsFailedToSubtractInputStringCausingCrash\trunk\CPPGetsFailedToSubtractInputStringCausingCrash\Debug\link.12896.read.1.tlog
F:\fromCentos\Nextseq500Dev\software\CPPGetsFailedToSubtractInputStringCausingCrash\trunk\CPPGetsFailedToSubtractInputStringCausingCrash\Debug\link.12896.write.1.tlog
F:\fromCentos\Nextseq500Dev\software\CPPGetsFailedToSubtractInputStringCausingCrash\trunk\CPPGetsFailedToSubtractInputStringCausingCrash\Debug\link.12896-cvtres.read.1.tlog
F:\fromCentos\Nextseq500Dev\software\CPPGetsFailedToSubtractInputStringCausingCrash\trunk\CPPGetsFailedToSubtractInputStringCausingCrash\Debug\link.12896-cvtres.write.1.tlog
F:\fromCentos\Nextseq500Dev\software\CPPGetsFailedToSubtractInputStringCausingCrash\trunk\CPPGetsFailedToSubtractInputStringCausingCrash\Debug\link.1820.read.1.tlog
F:\fromCentos\Nextseq500Dev\software\CPPGetsFailedToSubtractInputStringCausingCrash\trunk\CPPGetsFailedToSubtractInputStringCausingCrash\Debug\link.1820.write.1.tlog
F:\fromCentos\Nextseq500Dev\software\CPPGetsFailedToSubtractInputStringCausingCrash\trunk\CPPGetsFailedToSubtractInputStringCausingCrash\Debug\link.1820-cvtres.read.1.tlog
F:\fromCentos\Nextseq500Dev\software\CPPGetsFailedToSubtractInputStringCausingCrash\trunk\CPPGetsFailedToSubtractInputStringCausingCrash\Debug\link.1820-cvtres.write.1.tlog
F:\fromCentos\Nextseq500Dev\software\CPPGetsFailedToSubtractInputStringCausingCrash\trunk\CPPGetsFailedToSubtractInputStringCausingCrash\Debug\link.command.1.tlog
F:\fromCentos\Nextseq500Dev\software\CPPGetsFailedToSubtractInputStringCausingCrash\trunk\CPPGetsFailedToSubtractInputStringCausingCrash\Debug\link.read.1.tlog
F:\fromCentos\Nextseq500Dev\software\CPPGetsFailedToSubtractInputStringCausingCrash\trunk\CPPGetsFailedToSubtractInputStringCausingCrash\Debug\link.write.1.tlog
F:\fromCentos\Nextseq500Dev\software\CPPGetsFailedToSubtractInputStringCausingCrash\trunk\CPPGetsFailedToSubtractInputStringCausingCrash\Debug\link-cvtres.read.1.tlog
F:\fromCentos\Nextseq500Dev\software\CPPGetsFailedToSubtractInputStringCausingCrash\trunk\CPPGetsFailedToSubtractInputStringCausingCrash\Debug\link-cvtres.write.1.tlog
F:\fromCentos\Nextseq500Dev\software\CPPGetsFailedToSubtractInputStringCausingCrash\trunk\CPPGetsFailedToSubtractInputStringCausingCrash\Debug\mt.command.1.tlog
F:\fromCentos\Nextseq500Dev\software\CPPGetsFailedToSubtractInputStringCausingCrash\trunk\CPPGetsFailedToSubtractInputStringCausingCrash\Debug\mt.read.1.tlog
F:\fromCentos\Nextseq500Dev\software\CPPGetsFailedToSubtractInputStringCausingCrash\trunk\CPPGetsFailedToSubtractInputStringCausingCrash\Debug\mt.write.1.tlog
F:\fromCentos\Nextseq500Dev\software\CPPGetsFailedToSubtractInputStringCausingCrash\trunk\CPPGetsFailedToSubtractInputStringCausingCrash\Debug\rc.command.1.tlog
F:\fromCentos\Nextseq500Dev\software\CPPGetsFailedToSubtractInputStringCausingCrash\trunk\CPPGetsFailedToSubtractInputStringCausingCrash\Debug\rc.read.1.tlog
F:\fromCentos\Nextseq500Dev\software\CPPGetsFailedToSubtractInputStringCausingCrash\trunk\CPPGetsFailedToSubtractInputStringCausingCrash\Debug\rc.write.1.tlog
F:\fromCentos\Nextseq500Dev\software\CPPGetsFailedToSubtractInputStringCausingCrash\trunk\CPPGetsFailedToSubtractInputStringCausingCrash\Debug\stdafx.obj
F:\fromCentos\Nextseq500Dev\software\CPPGetsFailedToSubtractInputStringCausingCrash\trunk\CPPGetsFailedToSubtractInputStringCausingCrash\Debug\vc100.idb
F:\fromCentos\Nextseq500Dev\software\CPPGetsFailedToSubtractInputStringCausingCrash\trunk\CPPGetsFailedToSubtractInputStringCausingCrash\Debug\vc100.pdb
F:\fromCentos\Nextseq500Dev\software\CPPGetsFailedToSubtractInputStringCausingCrash\trunk\Debug\CPPGetsFailedToSubtractInputStringCausingCrash.exe
F:\fromCentos\Nextseq500Dev\software\CPPGetsFailedToSubtractInputStringCausingCrash\trunk\Debug\CPPGetsFailedToSubtractInputStringCausingCrash.ilk
F:\fromCentos\Nextseq500Dev\software\CPPGetsFailedToSubtractInputStringCausingCrash\trunk\Debug\CPPGetsFailedToSubtractInputStringCausingCrash.pdb
