生成启动时间为 2017/12/8 10:11:46。
     1>项目“C:\Users\Administrator\Desktop\CPPGetsFailedToSubtractInputStringCausingCrash\CPPGetsFailedToSubtractInputStringCausingCrash\CPPGetsFailedToSubtractInputStringCausingCrash.vcxproj”在节点 2 上(build 个目标)。
     1>InitializeBuildStatus:
         正在创建“Debug\CPPGetsFailedToSubtractInputStringCausingCrash.unsuccessfulbuild”，因为已指定“AlwaysCreate”。
       ClCompile:
         所有输出均为最新。
         C:\Program Files (x86)\Microsoft Visual Studio 10.0\VC\bin\CL.exe /c /ZI /nologo /W3 /WX- /Od /Oy- /D WIN32 /D _DEBUG /D _CONSOLE /D _UNICODE /D UNICODE /Gm /EHsc /RTC1 /MDd /GS /fp:precise /Zc:wchar_t /Zc:forScope /Yu"StdAfx.h" /Fp"Debug\CPPGetsFailedToSubtractInputStringCausingCrash.pch" /Fo"Debug\\" /Fd"Debug\vc100.pdb" /Gd /TP /analyze- /errorReport:prompt CPPGetsFailedToSubtractInputStringCausingCrash.cpp
         CPPGetsFailedToSubtractInputStringCausingCrash.cpp
     1>c:\users\administrator\desktop\cppgetsfailedtosubtractinputstringcausingcrash\cppgetsfailedtosubtractinputstringcausingcrash\cppgetsfailedtosubtractinputstringcausingcrash.cpp(12): warning C4996: 'gets': This function or variable may be unsafe. Consider using gets_s instead. To disable deprecation, use _CRT_SECURE_NO_WARNINGS. See online help for details.
                 c:\program files (x86)\microsoft visual studio 10.0\vc\include\stdio.h(277) : 参见“gets”的声明
       ManifestResourceCompile:
         所有输出均为最新。
       Link:
         C:\Program Files (x86)\Microsoft Visual Studio 10.0\VC\bin\link.exe /ERRORREPORT:PROMPT /OUT:"C:\Users\Administrator\Desktop\CPPGetsFailedToSubtractInputStringCausingCrash\Debug\CPPGetsFailedToSubtractInputStringCausingCrash.exe" /INCREMENTAL /NOLOGO kernel32.lib user32.lib gdi32.lib winspool.lib comdlg32.lib advapi32.lib shell32.lib ole32.lib oleaut32.lib uuid.lib odbc32.lib odbccp32.lib /MANIFEST /ManifestFile:"Debug\CPPGetsFailedToSubtractInputStringCausingCrash.exe.intermediate.manifest" /MANIFESTUAC:"level='asInvoker' uiAccess='false'" /DEBUG /PDB:"C:\Users\Administrator\Desktop\CPPGetsFailedToSubtractInputStringCausingCrash\Debug\CPPGetsFailedToSubtractInputStringCausingCrash.pdb" /SUBSYSTEM:CONSOLE /TLBID:1 /DYNAMICBASE /NXCOMPAT /IMPLIB:"C:\Users\Administrator\Desktop\CPPGetsFailedToSubtractInputStringCausingCrash\Debug\CPPGetsFailedToSubtractInputStringCausingCrash.lib" /MACHINE:X86 Debug\CPPGetsFailedToSubtractInputStringCausingCrash.exe.embed.manifest.res
         Debug\CPPGetsFailedToSubtractInputStringCausingCrash.obj
         Debug\stdafx.obj
       Manifest:
         C:\Program Files (x86)\Microsoft SDKs\Windows\v7.0A\bin\mt.exe /nologo /verbose /out:"Debug\CPPGetsFailedToSubtractInputStringCausingCrash.exe.embed.manifest" /manifest Debug\CPPGetsFailedToSubtractInputStringCausingCrash.exe.intermediate.manifest
         所有输出均为最新。
       LinkEmbedManifest:
         所有输出均为最新。
         CPPGetsFailedToSubtractInputStringCausingCrash.vcxproj -> C:\Users\Administrator\Desktop\CPPGetsFailedToSubtractInputStringCausingCrash\Debug\CPPGetsFailedToSubtractInputStringCausingCrash.exe
       FinalizeBuildStatus:
         正在删除文件“Debug\CPPGetsFailedToSubtractInputStringCausingCrash.unsuccessfulbuild”。
         正在对“Debug\CPPGetsFailedToSubtractInputStringCausingCrash.lastbuildstate”执行 Touch 任务。
     1>已完成生成项目“C:\Users\Administrator\Desktop\CPPGetsFailedToSubtractInputStringCausingCrash\CPPGetsFailedToSubtractInputStringCausingCrash\CPPGetsFailedToSubtractInputStringCausingCrash.vcxproj”(build 个目标)的操作。

生成成功。

已用时间 00:00:00.90
